        -:    0:Source:memcached.c
        -:    0:Graph:memcached.gcno
        -:    0:Data:memcached.gcda
        -:    0:Runs:451
        -:    1:/* -*- Mode: C; tab-width: 4; c-basic-offset: 4; indent-tabs-mode: nil -*- */
        -:    2:/*
        -:    3: *  memcached - memory caching daemon
        -:    4: *
        -:    5: *       https://www.memcached.org/
        -:    6: *
        -:    7: *  Copyright 2003 Danga Interactive, Inc.  All rights reserved.
        -:    8: *
        -:    9: *  Use and distribution licensed under the BSD license.  See
        -:   10: *  the LICENSE file for full text.
        -:   11: *
        -:   12: *  Authors:
        -:   13: *      Anatoly Vorobey <mellon@pobox.com>
        -:   14: *      Brad Fitzpatrick <brad@danga.com>
        -:   15: */
        -:   16:#include "memcached.h"
        -:   17:#include "storage.h"
        -:   18:#include "authfile.h"
        -:   19:#include "restart.h"
        -:   20:#include "slabs_mover.h"
        -:   21:#include <sys/stat.h>
        -:   22:#include <sys/socket.h>
        -:   23:#include <sys/un.h>
        -:   24:#include <signal.h>
        -:   25:#include <sys/param.h>
        -:   26:#include <sys/resource.h>
        -:   27:#include <sys/uio.h>
        -:   28:#include <ctype.h>
        -:   29:#include <stdarg.h>
        -:   30:
        -:   31:/* some POSIX systems need the following definition
        -:   32: * to get mlockall flags out of sys/mman.h.  */
        -:   33:#ifndef _P1003_1B_VISIBLE
        -:   34:#define _P1003_1B_VISIBLE
        -:   35:#endif
        -:   36:#include <pwd.h>
        -:   37:#include <sys/mman.h>
        -:   38:#include <fcntl.h>
        -:   39:#include <netinet/tcp.h>
        -:   40:#include <arpa/inet.h>
        -:   41:#include <errno.h>
        -:   42:#include <stdlib.h>
        -:   43:#include <stdio.h>
        -:   44:#include <string.h>
        -:   45:#include <time.h>
        -:   46:#include <assert.h>
        -:   47:#include <sysexits.h>
        -:   48:#include <stddef.h>
        -:   49:
        -:   50:#ifdef HAVE_GETOPT_LONG
        -:   51:#include <getopt.h>
        -:   52:#endif
        -:   53:
        -:   54:#include "tls.h"
        -:   55:
        -:   56:#include "proto_text.h"
        -:   57:#include "proto_bin.h"
        -:   58:#include "proto_proxy.h"
        -:   59:
        -:   60:#if defined(__FreeBSD__)
        -:   61:#include <sys/sysctl.h>
        -:   62:#endif
        -:   63:
        -:   64:/*
        -:   65: * forward declarations
        -:   66: */
        -:   67:static void drive_machine(conn *c);
        -:   68:static int new_socket(struct addrinfo *ai);
        -:   69:static ssize_t tcp_read(conn *arg, void *buf, size_t count);
        -:   70:static ssize_t tcp_sendmsg(conn *arg, struct msghdr *msg, int flags);
        -:   71:static ssize_t tcp_write(conn *arg, void *buf, size_t count);
        -:   72:
        -:   73:enum try_read_result {
        -:   74:    READ_DATA_RECEIVED,
        -:   75:    READ_NO_DATA_RECEIVED,
        -:   76:    READ_ERROR,            /** an error occurred (on the socket) (or client closed connection) */
        -:   77:    READ_MEMORY_ERROR      /** failed to allocate more memory */
        -:   78:};
        -:   79:
        -:   80:static int try_read_command_negotiate(conn *c);
        -:   81:static int try_read_command_udp(conn *c);
        -:   82:
        -:   83:static enum try_read_result try_read_network(conn *c);
        -:   84:static enum try_read_result try_read_udp(conn *c);
        -:   85:
        -:   86:static int start_conn_timeout_thread(void);
        -:   87:
        -:   88:/* stats */
        -:   89:static void stats_init(void);
        -:   90:static void conn_to_str(const conn *c, char *addr, char *svr_addr);
        -:   91:
        -:   92:/* defaults */
        -:   93:static void settings_init(void);
        -:   94:
        -:   95:/* event handling, network IO */
        -:   96:static void event_handler(const evutil_socket_t fd, const short which, void *arg);
        -:   97:static void conn_close(conn *c);
        -:   98:static void conn_init(void);
        -:   99:static bool update_event(conn *c, const int new_flags);
        -:  100:static void complete_nread(conn *c);
        -:  101:
        -:  102:static void conn_free(conn *c);
        -:  103:
        -:  104:/** exported globals **/
        -:  105:struct stats stats;
        -:  106:struct stats_state stats_state;
        -:  107:struct settings settings;
        -:  108:time_t process_started;     /* when the process was started */
        -:  109:conn **conns;
        -:  110:
        -:  111:#ifdef EXTSTORE
        -:  112:/* hoping this is temporary; I'd prefer to cut globals, but will complete this
        -:  113: * battle another day.
        -:  114: */
        -:  115:void *ext_storage = NULL;
        -:  116:#endif
        -:  117:/** file scope variables **/
        -:  118:static conn *listen_conn = NULL;
        -:  119:static int max_fds;
        -:  120:static struct event_base *main_base;
        -:  121:
        -:  122:enum transmit_result {
        -:  123:    TRANSMIT_COMPLETE,   /** All done writing. */
        -:  124:    TRANSMIT_INCOMPLETE, /** More data remaining to write. */
        -:  125:    TRANSMIT_SOFT_ERROR, /** Can't write any more right now. */
        -:  126:    TRANSMIT_HARD_ERROR  /** Can't write (c->state is set to conn_closing) */
        -:  127:};
        -:  128:
        -:  129:/* Default methods to read from/ write to a socket */
   631902:  130:ssize_t tcp_read(conn *c, void *buf, size_t count) {
  631902*:  131:    assert (c != NULL);
   631902:  132:    return read(c->sfd, buf, count);
        -:  133:}
        -:  134:
   428447:  135:ssize_t tcp_sendmsg(conn *c, struct msghdr *msg, int flags) {
  428447*:  136:    assert (c != NULL);
   428447:  137:    return sendmsg(c->sfd, msg, flags);
        -:  138:}
        -:  139:
     4041:  140:ssize_t tcp_write(conn *c, void *buf, size_t count) {
    4041*:  141:    assert (c != NULL);
     4041:  142:    return write(c->sfd, buf, count);
        -:  143:}
        -:  144:
        -:  145:static enum transmit_result transmit(conn *c);
        -:  146:
        -:  147:/* This reduces the latency without adding lots of extra wiring to be able to
        -:  148: * notify the listener thread of when to listen again.
        -:  149: * Also, the clock timer could be broken out into its own thread and we
        -:  150: * can block the listener via a condition.
        -:  151: */
        -:  152:static volatile bool allow_new_conns = true;
        -:  153:static int stop_main_loop = NOT_STOP;
        -:  154:static struct event maxconnsevent;
    #####:  155:static void maxconns_handler(const evutil_socket_t fd, const short which, void *arg) {
    #####:  156:    struct timeval t = {.tv_sec = 0, .tv_usec = 10000};
        -:  157:
    #####:  158:    if (fd == -42 || allow_new_conns == false) {
        -:  159:        /* reschedule in 10ms if we need to keep polling */
    #####:  160:        evtimer_set(&maxconnsevent, maxconns_handler, 0);
    #####:  161:        event_base_set(main_base, &maxconnsevent);
    #####:  162:        evtimer_add(&maxconnsevent, &t);
        -:  163:    } else {
    #####:  164:        evtimer_del(&maxconnsevent);
    #####:  165:        accept_new_conns(true);
        -:  166:    }
    #####:  167:}
        -:  168:
        -:  169:/*
        -:  170: * given time value that's either unix time or delta from current unix time, return
        -:  171: * unix time. Use the fact that delta can't exceed one month (and real time value can't
        -:  172: * be that low).
        -:  173: */
   362109:  174:rel_time_t realtime(const time_t exptime) {
        -:  175:    /* no. of seconds in 30 days - largest possible delta exptime */
        -:  176:
   362109:  177:    if (exptime == 0) return 0; /* 0 means never expire */
        -:  178:
     2475:  179:    if (exptime > REALTIME_MAXDELTA) {
        -:  180:        /* if item expiration is at/before the server started, give it an
        -:  181:           expiration time of 1 second after the server started.
        -:  182:           (because 0 means don't expire).  without this, we'd
        -:  183:           underflow and wrap around to some large value way in the
        -:  184:           future, effectively making items expiring in the past
        -:  185:           really expiring never */
       13:  186:        if (exptime <= process_started)
        -:  187:            return (rel_time_t)1;
        8:  188:        return (rel_time_t)(exptime - process_started);
        -:  189:    } else {
     2462:  190:        return (rel_time_t)(exptime + current_time);
        -:  191:    }
        -:  192:}
        -:  193:
      123:  194:static void stats_init(void) {
      123:  195:    memset(&stats, 0, sizeof(struct stats));
      123:  196:    memset(&stats_state, 0, sizeof(struct stats_state));
      123:  197:    stats_state.accepting_conns = true; /* assuming we start in this state. */
        -:  198:
        -:  199:    /* make the time we started always be 2 seconds before we really
        -:  200:       did, so time(0) - time.started is never zero.  if so, things
        -:  201:       like 'settings.oldest_live' which act as booleans as well as
        -:  202:       values are now false in boolean context... */
      123:  203:    process_started = time(0) - ITEM_UPDATE_INTERVAL - 2;
      123:  204:    stats_prefix_init(settings.prefix_delimiter);
      123:  205:}
        -:  206:
        3:  207:void stats_reset(void) {
        3:  208:    STATS_LOCK();
        3:  209:    memset(&stats, 0, sizeof(struct stats));
        3:  210:    stats_prefix_clear();
        3:  211:    STATS_UNLOCK();
        3:  212:    threadlocal_stats_reset();
        3:  213:    item_stats_reset();
        3:  214:}
        -:  215:
      450:  216:static void settings_init(void) {
      450:  217:    settings.use_cas = true;
      450:  218:    settings.access = 0700;
      450:  219:    settings.port = 11211;
      450:  220:    settings.udpport = 0;
      450:  221:    ssl_init_settings();
        -:  222:    /* By default this string should be NULL for getaddrinfo() */
      450:  223:    settings.inter = NULL;
      450:  224:    settings.maxbytes = 64 * 1024 * 1024; /* default is 64MB */
      450:  225:    settings.maxconns = 1024;         /* to limit connections-related memory to about 5MB */
      450:  226:    settings.verbose = 0;
      450:  227:    settings.oldest_live = 0;
      450:  228:    settings.evict_to_free = 1;       /* push old items out of cache when memory runs out */
      450:  229:    settings.socketpath = NULL;       /* by default, not using a unix socket */
      450:  230:    settings.auth_file = NULL;        /* by default, not using ASCII authentication tokens */
      450:  231:    settings.factor = 1.25;
      450:  232:    settings.chunk_size = 48;         /* space for a modest key and value */
      450:  233:    settings.num_threads = 4;         /* N workers */
      450:  234:    settings.num_threads_per_udp = 0;
      450:  235:    settings.prefix_delimiter = ':';
      450:  236:    settings.detail_enabled = 0;
      450:  237:    settings.reqs_per_event = 20;
      450:  238:    settings.backlog = 1024;
      450:  239:    settings.binding_protocol = negotiating_prot;
      450:  240:    settings.item_size_max = 1024 * 1024; /* The famous 1MB upper limit. */
      450:  241:    settings.slab_page_size = 1024 * 1024; /* chunks are split from 1MB pages. */
      450:  242:    settings.slab_chunk_size_max = settings.slab_page_size / 2;
      450:  243:    settings.sasl = false;
      450:  244:    settings.maxconns_fast = true;
      450:  245:    settings.lru_crawler = false;
      450:  246:    settings.lru_crawler_sleep = 100;
      450:  247:    settings.lru_crawler_tocrawl = 0;
      450:  248:    settings.lru_maintainer_thread = false;
      450:  249:    settings.lru_segmented = true;
      450:  250:    settings.hot_lru_pct = 20;
      450:  251:    settings.warm_lru_pct = 40;
      450:  252:    settings.hot_max_factor = 0.2;
      450:  253:    settings.warm_max_factor = 2.0;
      450:  254:    settings.temp_lru = false;
      450:  255:    settings.temporary_ttl = 61;
      450:  256:    settings.idle_timeout = 0; /* disabled */
      450:  257:    settings.hashpower_init = 0;
      450:  258:    settings.slab_reassign = true;
      450:  259:    settings.slab_automove = 1;
      450:  260:    settings.slab_automove_version = 0;
      450:  261:    settings.slab_automove_ratio = 0.8;
      450:  262:    settings.slab_automove_window = 10;
      450:  263:    settings.shutdown_command = false;
      450:  264:    settings.tail_repair_time = TAIL_REPAIR_TIME_DEFAULT;
      450:  265:    settings.flush_enabled = true;
      450:  266:    settings.dump_enabled = true;
      450:  267:    settings.crawls_persleep = 1000;
      450:  268:    settings.logger_watcher_buf_size = LOGGER_WATCHER_BUF_SIZE;
      450:  269:    settings.logger_buf_size = LOGGER_BUF_SIZE;
      450:  270:    settings.drop_privileges = false;
      450:  271:    settings.watch_enabled = true;
      450:  272:    settings.read_buf_mem_limit = 0;
        -:  273:#ifdef MEMCACHED_DEBUG
      450:  274:    settings.relaxed_privileges = false;
        -:  275:#endif
      450:  276:    settings.num_napi_ids = 0;
      450:  277:    settings.memory_file = NULL;
        -:  278:#ifdef SOCK_COOKIE_ID
      450:  279:    settings.sock_cookie_id = 0;
        -:  280:#endif
      450:  281:}
        -:  282:
        -:  283:extern pthread_mutex_t conn_lock;
        -:  284:
        -:  285:/* Connection timeout thread bits */
        -:  286:static pthread_t conn_timeout_tid;
        -:  287:static int do_run_conn_timeout_thread;
        -:  288:static pthread_cond_t conn_timeout_cond = PTHREAD_COND_INITIALIZER;
        -:  289:static pthread_mutex_t conn_timeout_lock = PTHREAD_MUTEX_INITIALIZER;
        -:  290:
        -:  291:#define CONNS_PER_SLICE 100
        1:  292:static void *conn_timeout_thread(void *arg) {
        1:  293:    int i;
        1:  294:    conn *c;
        1:  295:    rel_time_t oldest_last_cmd;
        1:  296:    int sleep_time;
        1:  297:    int sleep_slice = max_fds / CONNS_PER_SLICE;
        1:  298:    if (sleep_slice == 0)
    #####:  299:        sleep_slice = CONNS_PER_SLICE;
        -:  300:
        1:  301:    useconds_t timeslice = 1000000 / sleep_slice;
        -:  302:
        1:  303:    mutex_lock(&conn_timeout_lock);
        4:  304:    while(do_run_conn_timeout_thread) {
        4:  305:        if (settings.verbose > 2)
    #####:  306:            fprintf(stderr, "idle timeout thread at top of connection list\n");
        -:  307:
        4:  308:        oldest_last_cmd = current_time;
        -:  309:
     4100:  310:        for (i = 0; i < max_fds; i++) {
     4096:  311:            if ((i % CONNS_PER_SLICE) == 0) {
       44:  312:                if (settings.verbose > 2)
    #####:  313:                    fprintf(stderr, "idle timeout thread sleeping for %ulus\n",
        -:  314:                        (unsigned int)timeslice);
       44:  315:                usleep(timeslice);
        -:  316:            }
        -:  317:
     4096:  318:            if (!conns[i])
     4073:  319:                continue;
        -:  320:
       23:  321:            c = conns[i];
        -:  322:
       23:  323:            if (!IS_TCP(c->transport))
       16:  324:                continue;
        -:  325:
        7:  326:            if (c->state != conn_new_cmd && c->state != conn_read)
        5:  327:                continue;
        -:  328:
        2:  329:            if ((current_time - c->last_cmd_time) > settings.idle_timeout) {
        1:  330:                timeout_conn(c);
        -:  331:            } else {
        1:  332:                if (c->last_cmd_time < oldest_last_cmd)
     4096:  333:                    oldest_last_cmd = c->last_cmd_time;
        -:  334:            }
        -:  335:        }
        -:  336:
        -:  337:        /* This is the soonest we could have another connection time out */
        4:  338:        sleep_time = settings.idle_timeout - (current_time - oldest_last_cmd) + 1;
        4:  339:        if (sleep_time <= 0)
        -:  340:            sleep_time = 1;
        -:  341:
        4:  342:        if (settings.verbose > 2)
    #####:  343:            fprintf(stderr,
        -:  344:                    "idle timeout thread finished pass, sleeping for %ds\n",
        -:  345:                    sleep_time);
        -:  346:
        4:  347:        struct timeval now;
        4:  348:        struct timespec to_sleep;
        4:  349:        gettimeofday(&now, NULL);
        4:  350:        to_sleep.tv_sec = now.tv_sec + sleep_time;
        4:  351:        to_sleep.tv_nsec = 0;
        -:  352:
        4:  353:        pthread_cond_timedwait(&conn_timeout_cond, &conn_timeout_lock, &to_sleep);
        -:  354:    }
        -:  355:
    #####:  356:    mutex_unlock(&conn_timeout_lock);
    #####:  357:    return NULL;
        -:  358:}
        -:  359:
        1:  360:static int start_conn_timeout_thread(void) {
        1:  361:    int ret;
        -:  362:
        1:  363:    if (settings.idle_timeout == 0)
        -:  364:        return -1;
        -:  365:
        1:  366:    do_run_conn_timeout_thread = 1;
        1:  367:    if ((ret = pthread_create(&conn_timeout_tid, NULL,
        -:  368:        conn_timeout_thread, NULL)) != 0) {
    #####:  369:        fprintf(stderr, "Can't create idle connection timeout thread: %s\n",
        -:  370:            strerror(ret));
    #####:  371:        return -1;
        -:  372:    }
        1:  373:    thread_setname(conn_timeout_tid, "mc-idletimeout");
        -:  374:
        1:  375:    return 0;
        -:  376:}
        -:  377:
        2:  378:int stop_conn_timeout_thread(void) {
        2:  379:    if (!do_run_conn_timeout_thread)
        -:  380:        return -1;
    #####:  381:    mutex_lock(&conn_timeout_lock);
    #####:  382:    do_run_conn_timeout_thread = 0;
    #####:  383:    pthread_cond_signal(&conn_timeout_cond);
    #####:  384:    mutex_unlock(&conn_timeout_lock);
    #####:  385:    pthread_join(conn_timeout_tid, NULL);
    #####:  386:    return 0;
        -:  387:}
        -:  388:
        -:  389:/*
        -:  390: * read buffer cache helper functions
        -:  391: */
   502189:  392:static void rbuf_release(conn *c) {
   502189:  393:    if (c->rbuf != NULL && c->rbytes == 0 && !IS_UDP(c->transport)) {
   496331:  394:        if (c->rbuf_malloced) {
        3:  395:            free(c->rbuf);
        3:  396:            c->rbuf_malloced = false;
        -:  397:        } else {
   496328:  398:            do_cache_free(c->thread->rbuf_cache, c->rbuf);
        -:  399:        }
   496331:  400:        c->rsize = 0;
   496331:  401:        c->rbuf = NULL;
   496331:  402:        c->rcurr = NULL;
        -:  403:    }
   502189:  404:}
        -:  405:
   500022:  406:static bool rbuf_alloc(conn *c) {
   500022:  407:    if (c->rbuf == NULL) {
   496331:  408:        c->rbuf = do_cache_alloc(c->thread->rbuf_cache);
   496331:  409:        if (!c->rbuf) {
    #####:  410:            THR_STATS_LOCK(c->thread);
    #####:  411:            c->thread->stats.read_buf_oom++;
    #####:  412:            THR_STATS_UNLOCK(c->thread);
    #####:  413:            return false;
        -:  414:        }
   496331:  415:        c->rsize = READ_BUFFER_SIZE;
   496331:  416:        c->rcurr = c->rbuf;
        -:  417:    }
        -:  418:    return true;
        -:  419:}
        -:  420:
        -:  421:// Just for handling huge ASCII multigets.
        -:  422:// The previous system was essentially the same; realloc'ing until big enough,
        -:  423:// then realloc'ing back down after the request finished.
        3:  424:bool rbuf_switch_to_malloc(conn *c) {
        -:  425:    // Might as well start with x2 and work from there.
        3:  426:    size_t size = c->rsize * 2;
        3:  427:    char *tmp = malloc(size);
        3:  428:    if (!tmp)
        -:  429:        return false;
        -:  430:
        3:  431:    memcpy(tmp, c->rcurr, c->rbytes);
        3:  432:    do_cache_free(c->thread->rbuf_cache, c->rbuf);
        -:  433:
        3:  434:    c->rcurr = c->rbuf = tmp;
        3:  435:    c->rsize = size;
        3:  436:    c->rbuf_malloced = true;
        3:  437:    return true;
        -:  438:}
        -:  439:
        -:  440:/*
        -:  441: * Initializes the connections array. We don't actually allocate connection
        -:  442: * structures until they're needed, so as to avoid wasting memory when the
        -:  443: * maximum connection count is much higher than the actual number of
        -:  444: * connections.
        -:  445: *
        -:  446: * This does end up wasting a few pointers' worth of memory for FDs that are
        -:  447: * used for things other than connections, but that's worth it in exchange for
        -:  448: * being able to directly index the conns array by FD.
        -:  449: */
      123:  450:static void conn_init(void) {
        -:  451:    /* We're unlikely to see an FD much higher than maxconns. */
      123:  452:    int next_fd = dup(1);
      123:  453:    if (next_fd < 0) {
    #####:  454:        perror("Failed to duplicate file descriptor\n");
    #####:  455:        exit(1);
        -:  456:    }
      123:  457:    int headroom = 10;      /* account for extra unexpected open FDs */
      123:  458:    struct rlimit rl;
        -:  459:
      123:  460:    max_fds = settings.maxconns + headroom + next_fd;
        -:  461:
        -:  462:    /* But if possible, get the actual highest FD we can possibly ever see. */
      123:  463:    if (getrlimit(RLIMIT_NOFILE, &rl) == 0) {
      123:  464:        max_fds = rl.rlim_max;
        -:  465:    } else {
    #####:  466:        fprintf(stderr, "Failed to query maximum file descriptor; "
        -:  467:                        "falling back to maxconns\n");
        -:  468:    }
        -:  469:
      123:  470:    close(next_fd);
        -:  471:
      123:  472:    if ((conns = calloc(max_fds, sizeof(conn *))) == NULL) {
    #####:  473:        fprintf(stderr, "Failed to allocate connection structures\n");
        -:  474:        /* This is unrecoverable so bail out early. */
    #####:  475:        exit(1);
        -:  476:    }
      123:  477:}
        -:  478:
     344*:  479:static const char *prot_text(enum protocol prot) {
     344*:  480:    char *rv = "unknown";
     344*:  481:    switch(prot) {
       2*:  482:        case ascii_prot:
       2*:  483:            rv = "ascii";
       2*:  484:            break;
       1*:  485:        case binary_prot:
       1*:  486:            rv = "binary";
       1*:  487:            break;
     341*:  488:        case negotiating_prot:
     341*:  489:            rv = "auto-negotiate";
     341*:  490:            break;
        -:  491:#ifdef PROXY
        -:  492:        case proxy_prot:
        -:  493:            rv = "proxy";
        -:  494:            break;
        -:  495:#endif
        -:  496:    }
     344*:  497:    return rv;
        -:  498:}
        -:  499:
        1:  500:void conn_close_idle(conn *c) {
        1:  501:    if (settings.idle_timeout > 0 &&
        1:  502:        (current_time - c->last_cmd_time) > settings.idle_timeout) {
        1:  503:        if (c->state != conn_new_cmd && c->state != conn_read) {
    #####:  504:            if (settings.verbose > 1)
    #####:  505:                fprintf(stderr,
        -:  506:                    "fd %d wants to timeout, but isn't in read state", c->sfd);
    #####:  507:            return;
        -:  508:        }
        -:  509:
        1:  510:        if (settings.verbose > 1)
    #####:  511:            fprintf(stderr, "Closing idle fd %d\n", c->sfd);
        -:  512:
        1:  513:        pthread_mutex_lock(&c->thread->stats.mutex);
        1:  514:        c->thread->stats.idle_kicks++;
        1:  515:        pthread_mutex_unlock(&c->thread->stats.mutex);
        -:  516:
        1:  517:        c->close_reason = IDLE_TIMEOUT_CLOSE;
        -:  518:
        1:  519:        conn_set_state(c, conn_closing);
        1:  520:        drive_machine(c);
        -:  521:    }
        -:  522:}
        -:  523:
        3:  524:static void _conn_event_readd(conn *c) {
        3:  525:    c->ev_flags = EV_READ | EV_PERSIST;
        3:  526:    event_set(&c->event, c->sfd, c->ev_flags, event_handler, (void *)c);
        3:  527:    event_base_set(c->thread->base, &c->event);
        -:  528:
        -:  529:    // TODO: call conn_cleanup/fail/etc
        3:  530:    if (event_add(&c->event, 0) == -1) {
    #####:  531:        perror("event_add");
        -:  532:    }
        3:  533:}
        -:  534:
        -:  535:/* bring conn back from a sidethread. could have had its event base moved. */
     1606:  536:void conn_worker_readd(conn *c) {
    1606*:  537:    assert(c->resps_suspended == 0); // TODO: remove assert.
        -:  538:
     1606:  539:    switch (c->state) {
       11:  540:        case conn_closing:
       11:  541:            drive_machine(c);
       11:  542:            break;
        1:  543:        case conn_io_pending:
        -:  544:            // The event listener was removed as more data showed up while
        -:  545:            // waiting for the async response.
        1:  546:            _conn_event_readd(c);
        -:  547:            // Explicit fall-through.
     1593:  548:        case conn_io_queue:
     1593:  549:            conn_set_state(c, conn_io_resume);
        -:  550:            // schedule the event, which just runs drive_machine outside of
        -:  551:            // any recursion here.
     1593:  552:            event_active(&c->event, 0, 0);
     1593:  553:            break;
        -:  554:        case conn_write:
        -:  555:        case conn_mwrite:
        -:  556:        case conn_read:
        -:  557:        case conn_parse_cmd:
        -:  558:            // No-ops if we weren't in a suspended state to begin with
        -:  559:            // TODO: which other states for this?
        -:  560:            break;
        2:  561:        default:
        2:  562:            event_del(&c->event);
        2:  563:            _conn_event_readd(c);
        2:  564:            conn_set_state(c, conn_new_cmd);
        -:  565:    }
        -:  566:
     1606:  567:}
        -:  568:
      564:  569:void thread_io_queue_add(LIBEVENT_THREAD *t, int type, void *ctx, io_queue_stack_cb cb) {
      564:  570:    io_queue_t *q = t->io_queues;
      612:  571:    while (q->type != IO_QUEUE_NONE) {
       48:  572:        q++;
        -:  573:    }
      564:  574:    q->type = type;
      564:  575:    q->ctx = ctx;
      564:  576:    q->submit_cb = cb;
      564:  577:    STAILQ_INIT(&q->stack);
      564:  578:    return;
        -:  579:}
        -:  580:
     1602:  581:io_queue_t *thread_io_queue_get(LIBEVENT_THREAD *t, int type) {
     1602:  582:    io_queue_t *q = t->io_queues;
     1602:  583:    while (q->type != IO_QUEUE_NONE) {
     1602:  584:        if (q->type == type) {
     1602:  585:            return q;
        -:  586:        }
    #####:  587:        q++;
        -:  588:    }
        -:  589:    return NULL;
        -:  590:}
        -:  591:
   522692:  592:void thread_io_queue_submit(LIBEVENT_THREAD *t) {
   522692:  593:    t->conns_tosubmit = 0;
   592668:  594:    for (io_queue_t *q = t->io_queues; q->type != IO_QUEUE_NONE; q++) {
        -:  595:        // submission callback must consume the queue
    69976:  596:        if (!STAILQ_EMPTY(&q->stack)) {
     1593:  597:            q->submit_cb(q);
    1593*:  598:            assert(STAILQ_EMPTY(&q->stack));
        -:  599:        }
        -:  600:    }
   522692:  601:}
        -:  602:
        -:  603:// called to return a single IO object to the original worker thread.
     1595:  604:void conn_io_queue_return(io_pending_t *io) {
     1595:  605:    io->return_cb(io);
     1595:  606:}
        -:  607:
     2341:  608:conn *conn_new(const int sfd, enum conn_states init_state,
        -:  609:                const int event_flags,
        -:  610:                const int read_buffer_size, enum network_transport transport,
        -:  611:                struct event_base *base, void *ssl, uint64_t conntag,
        -:  612:                enum protocol bproto) {
     2341:  613:    conn *c;
        -:  614:
    2341*:  615:    assert(sfd >= 0 && sfd < max_fds);
     2341:  616:    c = conns[sfd];
        -:  617:
     2341:  618:    if (NULL == c) {
     2329:  619:        if (!(c = (conn *)calloc(1, sizeof(conn)))) {
    #####:  620:            STATS_LOCK();
    #####:  621:            stats.malloc_fails++;
    #####:  622:            STATS_UNLOCK();
    #####:  623:            fprintf(stderr, "Failed to allocate connection object\n");
    #####:  624:            return NULL;
        -:  625:        }
     2329:  626:        MEMCACHED_CONN_CREATE(c);
     2329:  627:        c->read = NULL;
     2329:  628:        c->sendmsg = NULL;
     2329:  629:        c->write = NULL;
     2329:  630:        c->rbuf = NULL;
        -:  631:
     2329:  632:        c->rsize = read_buffer_size;
        -:  633:
        -:  634:        // UDP connections use a persistent static buffer.
     2329:  635:        if (c->rsize) {
      205:  636:            c->rbuf = (char *)malloc((size_t)c->rsize);
        -:  637:        }
        -:  638:
     2329:  639:        if (c->rsize && c->rbuf == NULL) {
    #####:  640:            conn_free(c);
    #####:  641:            STATS_LOCK();
    #####:  642:            stats.malloc_fails++;
    #####:  643:            STATS_UNLOCK();
    #####:  644:            fprintf(stderr, "Failed to allocate buffers for connection\n");
    #####:  645:            return NULL;
        -:  646:        }
        -:  647:
        -:  648:
     2329:  649:        STATS_LOCK();
     2329:  650:        stats_state.conn_structs++;
     2329:  651:        STATS_UNLOCK();
        -:  652:
     2329:  653:        c->sfd = sfd;
     2329:  654:        conns[sfd] = c;
        -:  655:    }
        -:  656:
     2341:  657:    c->transport = transport;
     2341:  658:    c->protocol = bproto;
     2341:  659:    c->tag = conntag;
        -:  660:
        -:  661:    /* unix socket mode doesn't need this, so zeroed out.  but why
        -:  662:     * is this done for every command?  presumably for UDP
        -:  663:     * mode.  */
     2341:  664:    if (!settings.socketpath) {
      124:  665:        c->request_addr_size = sizeof(c->request_addr);
        -:  666:    } else {
     2217:  667:        c->request_addr_size = 0;
        -:  668:    }
        -:  669:
     2341:  670:    if (transport == tcp_transport && init_state == conn_new_cmd) {
       20:  671:        if (getpeername(sfd, (struct sockaddr *) &c->request_addr,
        -:  672:                        &c->request_addr_size)) {
    #####:  673:            perror("getpeername");
    #####:  674:            memset(&c->request_addr, 0, sizeof(c->request_addr));
        -:  675:        }
        -:  676:    }
        -:  677:
     2341:  678:    if (init_state == conn_new_cmd) {
     2136:  679:        LOGGER_LOG(NULL, LOG_CONNEVENTS, LOGGER_CONNECTION_NEW, NULL,
        -:  680:                &c->request_addr, c->request_addr_size, c->transport, 0, sfd);
        -:  681:    }
        -:  682:
     2341:  683:    if (settings.verbose > 1) {
        6:  684:        if (init_state == conn_listening) {
        6:  685:            fprintf(stderr, "<%d server listening (%s)\n", sfd,
        -:  686:                prot_text(c->protocol));
        3:  687:        } else if (IS_UDP(transport)) {
    #####:  688:            fprintf(stderr, "<%d server listening (udp)\n", sfd);
        3:  689:        } else if (c->protocol == negotiating_prot) {
        1:  690:            fprintf(stderr, "<%d new auto-negotiating client connection\n",
        -:  691:                    sfd);
        2:  692:        } else if (c->protocol == ascii_prot) {
        1:  693:            fprintf(stderr, "<%d new ascii client connection.\n", sfd);
        1:  694:        } else if (c->protocol == binary_prot) {
        1:  695:            fprintf(stderr, "<%d new binary client connection.\n", sfd);
        -:  696:#ifdef PROXY
        -:  697:        } else if (c->protocol == proxy_prot) {
        -:  698:            fprintf(stderr, "<%d new proxy client connection.\n", sfd);
        -:  699:#endif
        -:  700:        } else {
    #####:  701:            fprintf(stderr, "<%d new unknown (%d) client connection\n",
        -:  702:                sfd, c->protocol);
    #####:  703:            assert(false);
        -:  704:        }
        -:  705:    }
        -:  706:
     2341:  707:    c->state = init_state;
     2341:  708:    c->rlbytes = 0;
     2341:  709:    c->cmd = -1;
     2341:  710:    c->rbytes = 0;
     2341:  711:    c->rcurr = c->rbuf;
     2341:  712:    c->ritem = 0;
     2341:  713:    c->rbuf_malloced = false;
     2341:  714:    c->item_malloced = false;
     2341:  715:    c->sasl_started = false;
     2341:  716:    c->set_stale = false;
     2341:  717:    c->mset_res = false;
     2341:  718:    c->close_after_write = false;
     2341:  719:    c->last_cmd_time = current_time; /* initialize for idle kicker */
    2341*:  720:    assert(c->resps_suspended == 0);
        -:  721:
     2341:  722:    c->item = 0;
     2341:  723:    c->ssl = NULL;
        -:  724:#ifdef TLS
        -:  725:    c->ssl_wbuf = NULL;
        -:  726:#endif
        -:  727:
     2341:  728:    c->noreply = false;
        -:  729:
     2341:  730:    if (ssl) {
        -:  731:        // musn't get here without ssl enabled.
    #####:  732:        assert(settings.ssl_enabled);
    #####:  733:        ssl_init_conn(c, ssl);
    #####:  734:        c->ssl_enabled = true;
        -:  735:    } else {
     2341:  736:        c->read = tcp_read;
     2341:  737:        c->sendmsg = tcp_sendmsg;
     2341:  738:        c->write = tcp_write;
     2341:  739:        c->ssl_enabled = false;
        -:  740:    }
        -:  741:
     2341:  742:    if (IS_UDP(transport)) {
       72:  743:        c->try_read_command = try_read_command_udp;
        -:  744:    } else {
     2269:  745:        switch (c->protocol) {
        9:  746:            case ascii_prot:
        9:  747:                if (settings.auth_file == NULL) {
        4:  748:                    c->authenticated = true;
        4:  749:                    c->try_read_command = try_read_command_ascii;
        -:  750:                } else {
        5:  751:                    c->authenticated = false;
        5:  752:                    c->try_read_command = try_read_command_asciiauth;
        -:  753:                }
        -:  754:                break;
        6:  755:            case binary_prot:
        -:  756:                // binprot handles its own authentication via SASL parsing.
        6:  757:                c->authenticated = false;
        6:  758:                c->try_read_command = try_read_command_binary;
        6:  759:                break;
     2254:  760:            case negotiating_prot:
     2254:  761:                c->try_read_command = try_read_command_negotiate;
     2254:  762:                break;
        -:  763:#ifdef PROXY
        -:  764:            case proxy_prot:
        -:  765:                c->try_read_command = try_read_command_proxy;
        -:  766:                break;
        -:  767:#endif
        -:  768:        }
        -:  769:    }
        -:  770:
     2341:  771:    event_set(&c->event, sfd, event_flags, event_handler, (void *)c);
     2341:  772:    event_base_set(base, &c->event);
     2341:  773:    c->ev_flags = event_flags;
        -:  774:
     2341:  775:    if (event_add(&c->event, 0) == -1) {
    #####:  776:        perror("event_add");
    #####:  777:        return NULL;
        -:  778:    }
        -:  779:
     2341:  780:    STATS_LOCK();
     2341:  781:    stats_state.curr_conns++;
     2341:  782:    stats.total_conns++;
     2341:  783:    STATS_UNLOCK();
        -:  784:
     2341:  785:    MEMCACHED_CONN_ALLOCATE(c->sfd);
        -:  786:
     2341:  787:    return c;
        -:  788:}
        -:  789:
   508015:  790:void conn_release_items(conn *c) {
  508015*:  791:    assert(c != NULL);
        -:  792:
   508015:  793:    if (c->item) {
        2:  794:        if (c->item_malloced) {
    #####:  795:            free(c->item);
    #####:  796:            c->item_malloced = false;
        -:  797:        } else {
        2:  798:            item_remove(c->item);
        -:  799:        }
        2:  800:        c->item = 0;
        -:  801:    }
        -:  802:
        -:  803:    // Cull any unsent responses.
   508015:  804:    if (c->resp_head) {
        -:  805:        mc_resp *resp = c->resp_head;
        -:  806:        // r_f() handles the chain maintenance.
      122:  807:        while (resp) {
        -:  808:            // temporary by default. hide behind a debug flag in the future:
        -:  809:            // double free detection. Transmit loops can drop out early, but
        -:  810:            // here we could infinite loop.
       94:  811:            if (resp->free) {
    #####:  812:                fprintf(stderr, "ERROR: double free detected during conn_release_items(): [%d] [%s]\n",
    #####:  813:                        c->sfd, c->protocol == binary_prot ? "binary" : "ascii");
        -:  814:                // Since this is a critical failure, just leak the memory.
        -:  815:                // If these errors are seen, an abort() can be used instead.
    #####:  816:                c->resp_head = NULL;
    #####:  817:                c->resp = NULL;
    #####:  818:                break;
        -:  819:            }
       94:  820:            resp = resp_finish(c, resp);
        -:  821:        }
        -:  822:    }
   508015:  823:}
        -:  824:
     2137:  825:static void conn_cleanup(conn *c) {
    2137*:  826:    assert(c != NULL);
        -:  827:
     2137:  828:    conn_release_items(c);
        -:  829:#ifdef PROXY
        -:  830:    if (c->proxy_rctx) {
        -:  831:        proxy_cleanup_conn(c);
        -:  832:    }
        -:  833:#endif
     2137:  834:    if (c->sasl_conn) {
    #####:  835:        assert(settings.sasl);
    #####:  836:        sasl_dispose(&c->sasl_conn);
    #####:  837:        c->sasl_conn = NULL;
        -:  838:    }
        -:  839:
     2137:  840:    if (IS_UDP(c->transport)) {
    #####:  841:        conn_set_state(c, conn_read);
        -:  842:    }
     2137:  843:}
        -:  844:
        -:  845:/*
        -:  846: * Frees a connection.
        -:  847: */
    #####:  848:void conn_free(conn *c) {
    #####:  849:    if (c) {
    #####:  850:        assert(c != NULL);
    #####:  851:        assert(c->sfd >= 0 && c->sfd < max_fds);
        -:  852:
    #####:  853:        MEMCACHED_CONN_DESTROY(c);
    #####:  854:        conns[c->sfd] = NULL;
    #####:  855:        if (c->rbuf)
    #####:  856:            free(c->rbuf);
        -:  857:#ifdef TLS
        -:  858:        if (c->ssl_wbuf)
        -:  859:            c->ssl_wbuf = NULL;
        -:  860:#endif
        -:  861:
    #####:  862:        free(c);
        -:  863:    }
    #####:  864:}
        -:  865:
     2137:  866:static void conn_close(conn *c) {
    2137*:  867:    assert(c != NULL);
        -:  868:
     2137:  869:    if (c->thread) {
    2135*:  870:        LOGGER_LOG(c->thread->l, LOG_CONNEVENTS, LOGGER_CONNECTION_CLOSE, NULL,
        -:  871:                &c->request_addr, c->request_addr_size, c->transport,
        -:  872:                c->close_reason, c->sfd);
        -:  873:    }
        -:  874:
        -:  875:    /* delete the event, the socket and the conn */
     2137:  876:    event_del(&c->event);
        -:  877:
     2137:  878:    if (settings.verbose > 1)
        3:  879:        fprintf(stderr, "<%d connection closed.\n", c->sfd);
        -:  880:
     2137:  881:    conn_cleanup(c);
        -:  882:
        -:  883:    // force release of read buffer.
     2137:  884:    if (c->thread) {
     2135:  885:        c->rbytes = 0;
     2135:  886:        rbuf_release(c);
        -:  887:    }
        -:  888:
     2137:  889:    MEMCACHED_CONN_RELEASE(c->sfd);
     2137:  890:    conn_set_state(c, conn_closed);
     2137:  891:    if (c->ssl_enabled) {
     2137:  892:        ssl_conn_close(c->ssl);
        -:  893:    }
     2137:  894:    close(c->sfd);
     2137:  895:    c->close_reason = 0;
     2137:  896:    pthread_mutex_lock(&conn_lock);
     2137:  897:    allow_new_conns = true;
     2137:  898:    pthread_mutex_unlock(&conn_lock);
        -:  899:
     2137:  900:    STATS_LOCK();
     2137:  901:    stats_state.curr_conns--;
     2137:  902:    STATS_UNLOCK();
        -:  903:
     2137:  904:    return;
        -:  905:}
        -:  906:
        -:  907:// Since some connections might be off on side threads and some are managed as
        -:  908:// listeners we need to walk through them all from a central point.
        -:  909:// Must be called with all worker threads hung or in the process of closing.
        2:  910:void conn_close_all(void) {
        2:  911:    int i;
     2050:  912:    for (i = 0; i < max_fds; i++) {
     2048:  913:        if (conns[i] && conns[i]->state != conn_closed) {
        3:  914:            conn_close(conns[i]);
        -:  915:        }
        -:  916:    }
        2:  917:}
        -:  918:
        -:  919:/**
        -:  920: * Convert a state name to a human readable form.
        -:  921: */
       16:  922:static const char *state_text(enum conn_states state) {
       16:  923:    const char* const statenames[] = { "conn_listening",
        -:  924:                                       "conn_new_cmd",
        -:  925:                                       "conn_waiting",
        -:  926:                                       "conn_read",
        -:  927:                                       "conn_parse_cmd",
        -:  928:                                       "conn_write",
        -:  929:                                       "conn_nread",
        -:  930:                                       "conn_swallow",
        -:  931:                                       "conn_closing",
        -:  932:                                       "conn_mwrite",
        -:  933:                                       "conn_closed",
        -:  934:                                       "conn_watch",
        -:  935:                                       "conn_io_queue",
        -:  936:                                       "conn_io_resume",
        -:  937:                                       "conn_io_pending" };
       16:  938:    return statenames[state];
        -:  939:}
        -:  940:
        -:  941:/*
        -:  942: * Sets a connection's current state in the state machine. Any special
        -:  943: * processing that needs to happen on certain state transitions can
        -:  944: * happen here.
        -:  945: */
  3670306:  946:void conn_set_state(conn *c, enum conn_states state) {
 3670306*:  947:    assert(c != NULL);
 3670306*:  948:    assert(state >= conn_listening && state < conn_max_state);
        -:  949:
  3670306:  950:    if (state != c->state) {
  3670305:  951:        if (settings.verbose > 2) {
    #####:  952:            fprintf(stderr, "%d: going from %s to %s\n",
        -:  953:                    c->sfd, state_text(c->state),
        -:  954:                    state_text(state));
        -:  955:        }
        -:  956:
  3670305:  957:        if (state == conn_write || state == conn_mwrite) {
  3670305:  958:            MEMCACHED_PROCESS_COMMAND_END(c->sfd, c->resp->wbuf, c->resp->wbytes);
        -:  959:        }
  3670305:  960:        c->state = state;
        -:  961:    }
  3670306:  962:}
        -:  963:
        -:  964:/*
        -:  965: * response object helper functions
        -:  966: */
   495628:  967:void resp_reset(mc_resp *resp) {
   495628:  968:    if (resp->item) {
    #####:  969:        item_remove(resp->item);
    #####:  970:        resp->item = NULL;
        -:  971:    }
   495628:  972:    if (resp->write_and_free) {
        -:  973:#ifdef PROXY
        -:  974:        if (resp->proxy_res) {
        -:  975:            LIBEVENT_THREAD *t = resp->bundle->thread;
        -:  976:            pthread_mutex_lock(&t->proxy_limit_lock);
        -:  977:            t->proxy_buffer_memory_used -= resp->wbytes;
        -:  978:            pthread_mutex_unlock(&t->proxy_limit_lock);
        -:  979:        }
        -:  980:#endif
    #####:  981:        free(resp->write_and_free);
    #####:  982:        resp->write_and_free = NULL;
        -:  983:    }
   495628:  984:    resp->wbytes = 0;
   495628:  985:    resp->tosend = 0;
   495628:  986:    resp->iovcnt = 0;
   495628:  987:    resp->chunked_data_iov = 0;
   495628:  988:    resp->chunked_total = 0;
   495628:  989:    resp->skip = false;
   495628:  990:}
        -:  991:
   548946:  992:void resp_add_iov(mc_resp *resp, const void *buf, int len) {
  548946*:  993:    assert(resp->iovcnt < MC_RESP_IOVCOUNT);
   548946:  994:    int x = resp->iovcnt;
   548946:  995:    resp->iov[x].iov_base = (void *)buf;
   548946:  996:    resp->iov[x].iov_len = len;
   548946:  997:    resp->iovcnt++;
   548946:  998:    resp->tosend += len;
   548946:  999:}
        -: 1000:
        -: 1001:// Notes that an IOV should be handled as a chunked item header.
        -: 1002:// TODO: I'm hoping this isn't a permanent abstraction while I learn what the
        -: 1003:// API should be.
    18975: 1004:void resp_add_chunked_iov(mc_resp *resp, const void *buf, int len) {
    18975: 1005:    resp->chunked_data_iov = resp->iovcnt;
    18975: 1006:    resp->chunked_total = len;
    18975: 1007:    resp_add_iov(resp, buf, len);
    18975: 1008:}
        -: 1009:
        -: 1010:// resp_allocate and resp_free are a wrapper around read buffers which makes
        -: 1011:// read buffers the only network memory to track.
        -: 1012:// Normally this would be too excessive. In this case it allows end users to
        -: 1013:// track a single memory limit for ephemeral connection buffers.
        -: 1014:// Fancy bit twiddling tricks are avoided to help keep this straightforward.
   662766: 1015:static mc_resp* resp_allocate(conn *c) {
   662766: 1016:    LIBEVENT_THREAD *th = c->thread;
   662766: 1017:    mc_resp *resp = NULL;
   662766: 1018:    mc_resp_bundle *b = th->open_bundle;
        -: 1019:
   662766: 1020:    if (b != NULL) {
  656277*: 1021:        for (int i = 0; i < MAX_RESP_PER_BUNDLE; i++) {
        -: 1022:            // loop around starting from the most likely to be free
   656277: 1023:            int x = (i + b->next_check) % MAX_RESP_PER_BUNDLE;
   656277: 1024:            if (b->r[x].free) {
   656277: 1025:                resp = &b->r[x];
   656277: 1026:                b->next_check = x+1;
   656277: 1027:                break;
        -: 1028:            }
        -: 1029:        }
        -: 1030:
   656277: 1031:        if (resp != NULL) {
   656277: 1032:            b->refcount++;
   656277: 1033:            memset(resp, 0, sizeof(*resp));
   656277: 1034:            resp->free = false; // redundant, for clarity.
   656277: 1035:            resp->bundle = b;
   656277: 1036:            if (b->refcount == MAX_RESP_PER_BUNDLE) {
    6368*: 1037:                assert(b->prev == NULL);
        -: 1038:                // We only allocate off the head. Assign new head.
     6368: 1039:                th->open_bundle = b->next;
        -: 1040:                // Remove ourselves from the list.
     6368: 1041:                if (b->next) {
    #####: 1042:                    b->next->prev = 0;
    #####: 1043:                    b->next = 0;
        -: 1044:                }
        -: 1045:            }
        -: 1046:        }
        -: 1047:    }
        -: 1048:
        -: 1049:    if (resp == NULL) {
    6489*: 1050:        assert(th->open_bundle == NULL);
     6489: 1051:        b = do_cache_alloc(th->rbuf_cache);
     6489: 1052:        if (b) {
     6487: 1053:            THR_STATS_LOCK(th);
     6487: 1054:            th->stats.response_obj_bytes += READ_BUFFER_SIZE;
     6487: 1055:            THR_STATS_UNLOCK(th);
     6487: 1056:            b->next_check = 1;
     6487: 1057:            b->refcount = 1;
    90818: 1058:            for (int i = 0; i < MAX_RESP_PER_BUNDLE; i++) {
    84331: 1059:                b->r[i].free = true;
        -: 1060:            }
     6487: 1061:            b->next = 0;
     6487: 1062:            b->prev = 0;
     6487: 1063:            b->thread = th;
     6487: 1064:            th->open_bundle = b;
     6487: 1065:            resp = &b->r[0];
     6487: 1066:            memset(resp, 0, sizeof(*resp));
     6487: 1067:            resp->free = false; // redundant. for clarity.
     6487: 1068:            resp->bundle = b;
        -: 1069:        } else {
        -: 1070:            return NULL;
        -: 1071:        }
        -: 1072:    }
        -: 1073:
        -: 1074:    return resp;
        -: 1075:}
        -: 1076:
   662764: 1077:void resp_free(LIBEVENT_THREAD *th, mc_resp *resp) {
   662764: 1078:    mc_resp_bundle *b = resp->bundle;
        -: 1079:
   662764: 1080:    resp->free = true;
   662764: 1081:    b->refcount--;
   662764: 1082:    if (b->refcount == 0) {
   512257: 1083:        if (b == th->open_bundle && b->next == 0) {
        -: 1084:            // This is the final bundle. Just hold and reuse to skip init loop
  505900*: 1085:            assert(b->prev == 0);
   505900: 1086:            b->next_check = 0;
        -: 1087:        } else {
        -: 1088:            // Assert that we're either in the list or at the head.
    6357*: 1089:            assert((b->next || b->prev) || b == th->open_bundle);
        -: 1090:
        -: 1091:            // unlink from list.
     6357: 1092:            mc_resp_bundle **head = &th->open_bundle;
     6357: 1093:            if (*head == b) *head = b->next;
        -: 1094:            // Not tracking the tail.
    6357*: 1095:            assert(b->next != b && b->prev != b);
        -: 1096:
     6357: 1097:            if (b->next) b->next->prev = b->prev;
    6357*: 1098:            if (b->prev) b->prev->next = b->next;
        -: 1099:
        -: 1100:            // Now completely done with this buffer.
     6357: 1101:            do_cache_free(th->rbuf_cache, b);
     6357: 1102:            THR_STATS_LOCK(th);
     6357: 1103:            th->stats.response_obj_bytes -= READ_BUFFER_SIZE;
     6357: 1104:            THR_STATS_UNLOCK(th);
        -: 1105:        }
        -: 1106:    } else {
   150507: 1107:        mc_resp_bundle **head = &th->open_bundle;
        -: 1108:        // NOTE: since we're not tracking tail, latest free ends up in head.
   150507: 1109:        if (b == th->open_bundle || (b->prev || b->next)) {
        -: 1110:            // If we're already linked, leave it in place to save CPU.
        -: 1111:        } else {
        -: 1112:            // Non-zero refcount, need to link into the freelist.
     6368: 1113:            b->prev = 0;
     6368: 1114:            b->next = *head;
     6368: 1115:            if (b->next) b->next->prev = b;
     6368: 1116:            *head = b;
        -: 1117:        }
        -: 1118:
        -: 1119:    }
   662764: 1120:    THR_STATS_LOCK(th);
   662764: 1121:    th->stats.response_obj_count--;
   662764: 1122:    THR_STATS_UNLOCK(th);
   662764: 1123:}
        -: 1124:
   662766: 1125:bool resp_start(conn *c) {
   662766: 1126:    mc_resp *resp = resp_allocate(c);
   662766: 1127:    if (!resp) {
        2: 1128:        THR_STATS_LOCK(c->thread);
        2: 1129:        c->thread->stats.response_obj_oom++;
        2: 1130:        THR_STATS_UNLOCK(c->thread);
        2: 1131:        return false;
        -: 1132:    }
        -: 1133:
        -: 1134:    // handling the stats counters here to simplify testing
   662764: 1135:    THR_STATS_LOCK(c->thread);
   662764: 1136:    c->thread->stats.response_obj_count++;
   662764: 1137:    THR_STATS_UNLOCK(c->thread);
        -: 1138:
   662764: 1139:    if (!c->resp_head) {
   505902: 1140:        c->resp_head = resp;
        -: 1141:    }
   662764: 1142:    if (!c->resp) {
   505902: 1143:        c->resp = resp;
        -: 1144:    } else {
   156862: 1145:        c->resp->next = resp;
   156862: 1146:        c->resp = resp;
        -: 1147:    }
   662764: 1148:    if (IS_UDP(c->transport)) {
        -: 1149:        // need to hold on to some data for async responses.
       18: 1150:        c->resp->request_id = c->request_id;
       18: 1151:        c->resp->request_addr = c->request_addr;
       18: 1152:        c->resp->request_addr_size = c->request_addr_size;
        -: 1153:    }
        -: 1154:    return true;
        -: 1155:}
        -: 1156:
    #####: 1157:mc_resp *resp_start_unlinked(conn *c) {
    #####: 1158:    mc_resp *resp = resp_allocate(c);
    #####: 1159:    if (!resp) {
    #####: 1160:        THR_STATS_LOCK(c->thread);
    #####: 1161:        c->thread->stats.response_obj_oom++;
    #####: 1162:        THR_STATS_UNLOCK(c->thread);
    #####: 1163:        return false;
        -: 1164:    }
        -: 1165:
        -: 1166:    // handling the stats counters here to simplify testing
    #####: 1167:    THR_STATS_LOCK(c->thread);
    #####: 1168:    c->thread->stats.response_obj_count++;
    #####: 1169:    THR_STATS_UNLOCK(c->thread);
        -: 1170:
    #####: 1171:    if (IS_UDP(c->transport)) {
        -: 1172:        // need to hold on to some data for async responses.
    #####: 1173:        c->resp->request_id = c->request_id;
    #####: 1174:        c->resp->request_addr = c->request_addr;
    #####: 1175:        c->resp->request_addr_size = c->request_addr_size;
        -: 1176:    }
        -: 1177:
        -: 1178:    return resp;
        -: 1179:}
        -: 1180:
        -: 1181:// returns next response in chain.
   662764: 1182:mc_resp* resp_finish(conn *c, mc_resp *resp) {
   662764: 1183:    mc_resp *next = resp->next;
   662764: 1184:    if (resp->item) {
        -: 1185:        // TODO: cache hash value in resp obj?
    57601: 1186:        item_remove(resp->item);
    57601: 1187:        resp->item = NULL;
        -: 1188:    }
   662764: 1189:    if (resp->write_and_free) {
        -: 1190:#ifdef PROXY
        -: 1191:        if (resp->proxy_res) {
        -: 1192:            LIBEVENT_THREAD *t = resp->bundle->thread;
        -: 1193:            pthread_mutex_lock(&t->proxy_limit_lock);
        -: 1194:            t->proxy_buffer_memory_used -= resp->wbytes;
        -: 1195:            pthread_mutex_unlock(&t->proxy_limit_lock);
        -: 1196:        }
        -: 1197:#endif
    10141: 1198:        free(resp->write_and_free);
        -: 1199:    }
   662764: 1200:    if (resp->io_pending) {
     1598: 1201:        io_pending_t *io = resp->io_pending;
        -: 1202:        // If we had a pending IO, tell it to internally clean up then return
        -: 1203:        // the main object back to our thread cache.
     1598: 1204:        io->finalize_cb(io);
     1598: 1205:        do_cache_free(c->thread->io_cache, io);
     1598: 1206:        resp->io_pending = NULL;
        -: 1207:    }
   662764: 1208:    if (c->resp_head == resp) {
   662764: 1209:        c->resp_head = next;
        -: 1210:    }
   662764: 1211:    if (c->resp == resp) {
   505902: 1212:        c->resp = NULL;
        -: 1213:    }
   662764: 1214:    resp_free(c->thread, resp);
   662764: 1215:    return next;
        -: 1216:}
        -: 1217:
        -: 1218:// tells if connection has a depth of response objects to process.
       14: 1219:bool resp_has_stack(conn *c) {
       14: 1220:    return c->resp_head->next != NULL ? true : false;
        -: 1221:}
        -: 1222:
   479292: 1223:void out_string(conn *c, const char *str) {
   479292: 1224:    size_t len;
  479292*: 1225:    assert(c != NULL);
   479292: 1226:    mc_resp *resp = c->resp;
        -: 1227:
        -: 1228:    // if response was original filled with something, but we're now writing
        -: 1229:    // out an error or similar, have to reset the object first.
        -: 1230:    // TODO: since this is often redundant with allocation, how many callers
        -: 1231:    // are actually requiring it be reset? Can we fast test by just looking at
        -: 1232:    // tosend and reset if nonzero?
   479292: 1233:    resp_reset(resp);
        -: 1234:
   479292: 1235:    if (c->noreply) {
        -: 1236:        // TODO: just invalidate the response since nothing's been attempted
        -: 1237:        // to send yet?
   193654: 1238:        resp->skip = true;
   193654: 1239:        if (settings.verbose > 1)
    #####: 1240:            fprintf(stderr, ">%d NOREPLY %s\n", c->sfd, str);
   193654: 1241:        conn_set_state(c, conn_new_cmd);
   193654: 1242:        return;
        -: 1243:    }
        -: 1244:
   285638: 1245:    if (settings.verbose > 1)
    #####: 1246:        fprintf(stderr, ">%d %s\n", c->sfd, str);
        -: 1247:
        -: 1248:    // Fill response object with static string.
        -: 1249:
   285638: 1250:    len = strlen(str);
   285638: 1251:    if ((len + 2) > WRITE_BUFFER_SIZE) {
        -: 1252:        /* ought to be always enough. just fail for simplicity */
    #####: 1253:        str = "SERVER_ERROR output line too long";
    #####: 1254:        len = strlen(str);
        -: 1255:    }
        -: 1256:
   285638: 1257:    memcpy(resp->wbuf, str, len);
   285638: 1258:    memcpy(resp->wbuf + len, "\r\n", 2);
   285638: 1259:    resp_add_iov(resp, resp->wbuf, len + 2);
        -: 1260:
   285638: 1261:    conn_set_state(c, conn_new_cmd);
   285638: 1262:    return;
        -: 1263:}
        -: 1264:
        -: 1265:// For metaget-style ASCII commands. Ignores noreply, ensuring clients see
        -: 1266:// protocol level errors.
        4: 1267:void out_errstring(conn *c, const char *str) {
        4: 1268:    c->noreply = false;
        4: 1269:    out_string(c, str);
        4: 1270:}
        -: 1271:
        -: 1272:/*
        -: 1273: * Outputs a protocol-specific "out of memory" error. For ASCII clients,
        -: 1274: * this is equivalent to out_string().
        -: 1275: */
        7: 1276:void out_of_memory(conn *c, char *ascii_error) {
        7: 1277:    const static char error_prefix[] = "SERVER_ERROR ";
        7: 1278:    const static int error_prefix_len = sizeof(error_prefix) - 1;
        -: 1279:
        7: 1280:    if (c->protocol == binary_prot) {
        -: 1281:        /* Strip off the generic error prefix; it's irrelevant in binary */
    #####: 1282:        if (!strncmp(ascii_error, error_prefix, error_prefix_len)) {
    #####: 1283:            ascii_error += error_prefix_len;
        -: 1284:        }
    #####: 1285:        write_bin_error(c, PROTOCOL_BINARY_RESPONSE_ENOMEM, ascii_error, 0);
        -: 1286:    } else {
        7: 1287:        out_string(c, ascii_error);
        -: 1288:    }
        7: 1289:}
        -: 1290:
     3517: 1291:static void append_bin_stats(const char *key, const uint16_t klen,
        -: 1292:                             const char *val, const uint32_t vlen,
        -: 1293:                             conn *c) {
     3517: 1294:    char *buf = c->stats.buffer + c->stats.offset;
     3517: 1295:    uint32_t bodylen = klen + vlen;
     3517: 1296:    protocol_binary_response_header header = {
        -: 1297:        .response.magic = (uint8_t)PROTOCOL_BINARY_RES,
        -: 1298:        .response.opcode = PROTOCOL_BINARY_CMD_STAT,
     3517: 1299:        .response.keylen = (uint16_t)htons(klen),
        -: 1300:        .response.datatype = (uint8_t)PROTOCOL_BINARY_RAW_BYTES,
     3517: 1301:        .response.bodylen = htonl(bodylen),
     3517: 1302:        .response.opaque = c->opaque
        -: 1303:    };
        -: 1304:
     3517: 1305:    memcpy(buf, header.bytes, sizeof(header.response));
     3517: 1306:    buf += sizeof(header.response);
        -: 1307:
     3517: 1308:    if (klen > 0) {
     3471: 1309:        memcpy(buf, key, klen);
     3471: 1310:        buf += klen;
        -: 1311:
     3471: 1312:        if (vlen > 0) {
     3471: 1313:            memcpy(buf, val, vlen);
        -: 1314:        }
        -: 1315:    }
        -: 1316:
     3517: 1317:    c->stats.offset += sizeof(header.response) + bodylen;
     3517: 1318:}
        -: 1319:
   873401: 1320:static void append_ascii_stats(const char *key, const uint16_t klen,
        -: 1321:                               const char *val, const uint32_t vlen,
        -: 1322:                               conn *c) {
   873401: 1323:    char *pos = c->stats.buffer + c->stats.offset;
   873401: 1324:    uint32_t nbytes = 0;
   873401: 1325:    int remaining = c->stats.size - c->stats.offset;
   873401: 1326:    int room = remaining - 1;
        -: 1327:
   873401: 1328:    if (klen == 0 && vlen == 0) {
    10085: 1329:        nbytes = snprintf(pos, room, "END\r\n");
   863316: 1330:    } else if (vlen == 0) {
    #####: 1331:        nbytes = snprintf(pos, room, "STAT %s\r\n", key);
        -: 1332:    } else {
   863316: 1333:        nbytes = snprintf(pos, room, "STAT %s %s\r\n", key, val);
        -: 1334:    }
        -: 1335:
   873401: 1336:    c->stats.offset += nbytes;
   873401: 1337:}
        -: 1338:
   876918: 1339:static bool grow_stats_buf(conn *c, size_t needed) {
   876918: 1340:    size_t nsize = c->stats.size;
   876918: 1341:    size_t available = nsize - c->stats.offset;
   876918: 1342:    bool rv = true;
        -: 1343:
        -: 1344:    /* Special case: No buffer -- need to allocate fresh */
   876918: 1345:    if (c->stats.buffer == NULL) {
    10131: 1346:        nsize = 1024;
    10131: 1347:        available = c->stats.size = c->stats.offset = 0;
        -: 1348:    }
        -: 1349:
   894987: 1350:    while (needed > available) {
   18069*: 1351:        assert(nsize > 0);
    18069: 1352:        nsize = nsize << 1;
    18069: 1353:        available = nsize - c->stats.offset;
        -: 1354:    }
        -: 1355:
   876918: 1356:    if (nsize != c->stats.size) {
    18069: 1357:        char *ptr = realloc(c->stats.buffer, nsize);
    18069: 1358:        if (ptr) {
    18069: 1359:            c->stats.buffer = ptr;
    18069: 1360:            c->stats.size = nsize;
        -: 1361:        } else {
    #####: 1362:            STATS_LOCK();
    #####: 1363:            stats.malloc_fails++;
    #####: 1364:            STATS_UNLOCK();
    #####: 1365:            rv = false;
        -: 1366:        }
        -: 1367:    }
        -: 1368:
   876918: 1369:    return rv;
        -: 1370:}
        -: 1371:
   876918: 1372:void append_stats(const char *key, const uint16_t klen,
        -: 1373:                  const char *val, const uint32_t vlen,
        -: 1374:                  const void *cookie)
        -: 1375:{
        -: 1376:    /* value without a key is invalid */
   876918: 1377:    if (klen == 0 && vlen > 0) {
        -: 1378:        return;
        -: 1379:    }
        -: 1380:
   876918: 1381:    conn *c = (conn*)cookie;
        -: 1382:
   876918: 1383:    if (c->protocol == binary_prot) {
     3517: 1384:        size_t needed = vlen + klen + sizeof(protocol_binary_response_header);
     3517: 1385:        if (!grow_stats_buf(c, needed)) {
        -: 1386:            return;
        -: 1387:        }
     3517: 1388:        append_bin_stats(key, klen, val, vlen, c);
        -: 1389:    } else {
   873401: 1390:        size_t needed = vlen + klen + 10; // 10 == "STAT = \r\n"
   873401: 1391:        if (!grow_stats_buf(c, needed)) {
        -: 1392:            return;
        -: 1393:        }
   873401: 1394:        append_ascii_stats(key, klen, val, vlen, c);
        -: 1395:    }
        -: 1396:
  876918*: 1397:    assert(c->stats.offset <= c->stats.size);
        -: 1398:}
        -: 1399:
  1141935: 1400:static void reset_cmd_handler(conn *c) {
  1141935: 1401:    c->cmd = -1;
  1141935: 1402:    c->substate = bin_no_state;
  1141935: 1403:    if (c->item != NULL) {
        -: 1404:        // TODO: Any other way to get here?
        -: 1405:        // SASL auth was mistakenly using it. Nothing else should?
    #####: 1406:        if (c->item_malloced) {
    #####: 1407:            free(c->item);
    #####: 1408:            c->item_malloced = false;
        -: 1409:        } else {
    #####: 1410:            item_remove(c->item);
        -: 1411:        }
    #####: 1412:        c->item = NULL;
        -: 1413:    }
  1141935: 1414:    if (c->rbytes > 0) {
   152712: 1415:        conn_set_state(c, conn_parse_cmd);
   989223: 1416:    } else if (c->resp_head) {
   492871: 1417:        conn_set_state(c, conn_mwrite);
        -: 1418:    } else {
   496352: 1419:        conn_set_state(c, conn_waiting);
        -: 1420:    }
  1141935: 1421:}
        -: 1422:
   359975: 1423:static void complete_nread(conn *c) {
  359975*: 1424:    assert(c != NULL);
        -: 1425:#ifdef PROXY
        -: 1426:    assert(c->protocol == ascii_prot
        -: 1427:           || c->protocol == binary_prot
        -: 1428:           || c->protocol == proxy_prot);
        -: 1429:#else
  359975*: 1430:    assert(c->protocol == ascii_prot
        -: 1431:           || c->protocol == binary_prot);
        -: 1432:#endif
   359975: 1433:    if (c->protocol == ascii_prot) {
   334896: 1434:        complete_nread_ascii(c);
    25079: 1435:    } else if (c->protocol == binary_prot) {
    25079: 1436:        complete_nread_binary(c);
        -: 1437:#ifdef PROXY
        -: 1438:    } else if (c->protocol == proxy_prot) {
        -: 1439:        complete_nread_proxy(c);
        -: 1440:#endif
        -: 1441:    }
   359975: 1442:}
        -: 1443:
        -: 1444:/* Destination must always be chunked */
        -: 1445:/* This should be part of item.c */
    27032: 1446:static int _store_item_copy_chunks(item *d_it, item *s_it, const int len) {
    27032: 1447:    item_chunk *dch = (item_chunk *) ITEM_schunk(d_it);
        -: 1448:    /* Advance dch until we find free space */
    77099: 1449:    while (dch->size == dch->used) {
    77099: 1450:        if (dch->next) {
        -: 1451:            dch = dch->next;
        -: 1452:        } else {
        -: 1453:            break;
        -: 1454:        }
        -: 1455:    }
        -: 1456:
    27032: 1457:    if (s_it->it_flags & ITEM_CHUNKED) {
    13516: 1458:        int remain = len;
    13516: 1459:        item_chunk *sch = (item_chunk *) ITEM_schunk(s_it);
    13516: 1460:        int copied = 0;
        -: 1461:        /* Fills dch's to capacity, not straight copy sch in case data is
        -: 1462:         * being added or removed (ie append/prepend)
        -: 1463:         */
   136671: 1464:        while (sch && dch && remain) {
  123155*: 1465:            assert(dch->used <= dch->size);
   123155: 1466:            int todo = (dch->size - dch->used < sch->used - copied)
        -: 1467:                ? dch->size - dch->used : sch->used - copied;
   123155: 1468:            if (remain < todo)
        -: 1469:                todo = remain;
   123155: 1470:            memcpy(dch->data + dch->used, sch->data + copied, todo);
   123155: 1471:            dch->used += todo;
   123155: 1472:            copied += todo;
   123155: 1473:            remain -= todo;
  123155*: 1474:            assert(dch->used <= dch->size);
   123155: 1475:            if (dch->size == dch->used) {
    73103: 1476:                item_chunk *tch = do_item_alloc_chunk(dch, remain);
    73103: 1477:                if (tch) {
        -: 1478:                    dch = tch;
        -: 1479:                } else {
        -: 1480:                    return -1;
        -: 1481:                }
        -: 1482:            }
  123155*: 1483:            assert(copied <= sch->used);
   123155: 1484:            if (copied == sch->used) {
    93361: 1485:                copied = 0;
    93361: 1486:                sch = sch->next;
        -: 1487:            }
        -: 1488:        }
        -: 1489:        /* assert that the destination had enough space for the source */
   13516*: 1490:        assert(remain == 0);
        -: 1491:    } else {
        -: 1492:        int done = 0;
        -: 1493:        /* Fill dch's via a non-chunked item. */
    40548: 1494:        while (len > done && dch) {
    27032: 1495:            int todo = (dch->size - dch->used < len - done)
        -: 1496:                ? dch->size - dch->used : len - done;
        -: 1497:            //assert(dch->size - dch->used != 0);
    27032: 1498:            memcpy(dch->data + dch->used, ITEM_data(s_it) + done, todo);
    27032: 1499:            done += todo;
    27032: 1500:            dch->used += todo;
   27032*: 1501:            assert(dch->used <= dch->size);
    27032: 1502:            if (dch->size == dch->used) {
    27032: 1503:                item_chunk *tch = do_item_alloc_chunk(dch, len - done);
    27032: 1504:                if (tch) {
        -: 1505:                    dch = tch;
        -: 1506:                } else {
        -: 1507:                    return -1;
        -: 1508:                }
        -: 1509:            }
        -: 1510:        }
   13516*: 1511:        assert(len == done);
        -: 1512:    }
        -: 1513:    return 0;
        -: 1514:}
        -: 1515:
    16016: 1516:static int _store_item_copy_data(int comm, item *old_it, item *new_it, item *add_it) {
    16016: 1517:    if (comm == NREAD_APPEND || comm == NREAD_APPENDVIV) {
     8009: 1518:        if (new_it->it_flags & ITEM_CHUNKED) {
    13516: 1519:            if (_store_item_copy_chunks(new_it, old_it, old_it->nbytes - 2) == -1 ||
     6758: 1520:                _store_item_copy_chunks(new_it, add_it, add_it->nbytes) == -1) {
    #####: 1521:                return -1;
        -: 1522:            }
        -: 1523:        } else {
     1251: 1524:            memcpy(ITEM_data(new_it), ITEM_data(old_it), old_it->nbytes);
     1251: 1525:            memcpy(ITEM_data(new_it) + old_it->nbytes - 2 /* CRLF */, ITEM_data(add_it), add_it->nbytes);
        -: 1526:        }
        -: 1527:    } else {
        -: 1528:        /* NREAD_PREPEND */
     8007: 1529:        if (new_it->it_flags & ITEM_CHUNKED) {
    13516: 1530:            if (_store_item_copy_chunks(new_it, add_it, add_it->nbytes - 2) == -1 ||
     6758: 1531:                _store_item_copy_chunks(new_it, old_it, old_it->nbytes) == -1) {
    #####: 1532:                return -1;
        -: 1533:            }
        -: 1534:        } else {
     1249: 1535:            memcpy(ITEM_data(new_it), ITEM_data(add_it), add_it->nbytes);
     1249: 1536:            memcpy(ITEM_data(new_it) + add_it->nbytes - 2 /* CRLF */, ITEM_data(old_it), old_it->nbytes);
        -: 1537:        }
        -: 1538:    }
        -: 1539:    return 0;
        -: 1540:}
        -: 1541:
        -: 1542:/*
        -: 1543: * Stores an item in the cache according to the semantics of one of the set
        -: 1544: * commands. Protected by the item lock.
        -: 1545: *
        -: 1546: * Returns the state of storage.
        -: 1547: */
   360042: 1548:enum store_item_type do_store_item(item *it, int comm, LIBEVENT_THREAD *t, const uint32_t hv, int *nbytes, uint64_t *cas, uint64_t cas_in, bool cas_stale) {
   360042: 1549:    char *key = ITEM_key(it);
   360042: 1550:    item *old_it = do_item_get(key, it->nkey, hv, t, DONT_UPDATE);
   360042: 1551:    enum store_item_type stored = NOT_STORED;
        -: 1552:
   360042: 1553:    enum cas_result { CAS_NONE, CAS_MATCH, CAS_BADVAL, CAS_STALE, CAS_MISS };
        -: 1554:
   360042: 1555:    item *new_it = NULL;
   360042: 1556:    client_flags_t flags;
        -: 1557:
        -: 1558:    /* Do the CAS test up front so we can apply to all store modes */
   360042: 1559:    enum cas_result cas_res = CAS_NONE;
        -: 1560:
   360042: 1561:    bool do_store = false;
   360042: 1562:    if (old_it != NULL) {
        -: 1563:        // Most of the CAS work requires something to compare to.
    36518: 1564:        uint64_t it_cas = ITEM_get_cas(it);
    36518: 1565:        uint64_t old_cas = ITEM_get_cas(old_it);
    36518: 1566:        if (it_cas == 0) {
        -: 1567:            cas_res = CAS_NONE;
       23: 1568:        } else if (it_cas == old_cas) {
        -: 1569:            cas_res = CAS_MATCH;
       10: 1570:        } else if (cas_stale && it_cas < old_cas) {
        -: 1571:            cas_res = CAS_STALE;
        -: 1572:        } else {
        9: 1573:            cas_res = CAS_BADVAL;
        -: 1574:        }
        -: 1575:
    36518: 1576:        switch (comm) {
      648: 1577:            case NREAD_ADD:
        -: 1578:                /* add only adds a nonexistent item, but promote to head of LRU */
      648: 1579:                do_item_update(old_it);
      648: 1580:                break;
       23: 1581:            case NREAD_CAS:
       23: 1582:                if (cas_res == CAS_MATCH) {
        -: 1583:                    // cas validates
        -: 1584:                    // it and old_it may belong to different classes.
        -: 1585:                    // I'm updating the stats for the one that's getting pushed out
       12: 1586:                    pthread_mutex_lock(&t->stats.mutex);
       12: 1587:                    t->stats.slab_stats[ITEM_clsid(old_it)].cas_hits++;
       12: 1588:                    pthread_mutex_unlock(&t->stats.mutex);
       12: 1589:                    do_store = true;
       11: 1590:                } else if (cas_res == CAS_STALE) {
        -: 1591:                    // if we're allowed to set a stale value, CAS must be lower than
        -: 1592:                    // the current item's CAS.
        -: 1593:                    // This replaces the value, but should preserve TTL, and stale
        -: 1594:                    // item marker bit + token sent if exists.
        1: 1595:                    it->exptime = old_it->exptime;
        1: 1596:                    it->it_flags |= ITEM_STALE;
        1: 1597:                    if (old_it->it_flags & ITEM_TOKEN_SENT) {
        1: 1598:                        it->it_flags |= ITEM_TOKEN_SENT;
        -: 1599:                    }
        -: 1600:
        1: 1601:                    pthread_mutex_lock(&t->stats.mutex);
        1: 1602:                    t->stats.slab_stats[ITEM_clsid(old_it)].cas_hits++;
        1: 1603:                    pthread_mutex_unlock(&t->stats.mutex);
        1: 1604:                    do_store = true;
        -: 1605:                } else {
        -: 1606:                    // NONE or BADVAL are the same for CAS cmd
       10: 1607:                    pthread_mutex_lock(&t->stats.mutex);
       10: 1608:                    t->stats.slab_stats[ITEM_clsid(old_it)].cas_badval++;
       10: 1609:                    pthread_mutex_unlock(&t->stats.mutex);
        -: 1610:
       10: 1611:                    if (settings.verbose > 1) {
    #####: 1612:                        fprintf(stderr, "CAS:  failure: expected %llu, got %llu\n",
    #####: 1613:                                (unsigned long long)ITEM_get_cas(old_it),
    #####: 1614:                                (unsigned long long)ITEM_get_cas(it));
        -: 1615:                    }
        -: 1616:                    stored = EXISTS;
        -: 1617:                }
        -: 1618:                break;
    16018: 1619:            case NREAD_APPEND:
        -: 1620:            case NREAD_PREPEND:
        -: 1621:            case NREAD_APPENDVIV:
        -: 1622:            case NREAD_PREPENDVIV:
    16018: 1623:                if (cas_res != CAS_NONE && cas_res != CAS_MATCH) {
        -: 1624:                    stored = EXISTS;
        -: 1625:                    break;
        -: 1626:                }
        -: 1627:#ifdef EXTSTORE
    16018: 1628:                if ((old_it->it_flags & ITEM_HDR) != 0) {
        -: 1629:                    /* block append/prepend from working with extstore-d items.
        -: 1630:                     * leave response code to NOT_STORED default */
        -: 1631:                    break;
        -: 1632:                }
        -: 1633:#endif
        -: 1634:                /* we have it and old_it here - alloc memory to hold both */
    16016: 1635:                FLAGS_CONV(old_it, flags);
    16016: 1636:                new_it = do_item_alloc(key, it->nkey, flags, old_it->exptime, it->nbytes + old_it->nbytes - 2 /* CRLF */);
        -: 1637:
        -: 1638:                // OOM trying to copy.
    16016: 1639:                if (new_it == NULL)
        -: 1640:                    break;
        -: 1641:                /* copy data from it and old_it to new_it */
    16016: 1642:                if (_store_item_copy_data(comm, old_it, new_it, it) == -1) {
        -: 1643:                    // failed data copy
        -: 1644:                    break;
        -: 1645:                } else {
        -: 1646:                    // refcount of new_it is 1 here. will end up 2 after link.
        -: 1647:                    // it's original ref is managed outside of this function
    16016: 1648:                    it = new_it;
    16016: 1649:                    do_store = true;
        -: 1650:                    // Upstream final object size for meta
    16016: 1651:                    if (nbytes != NULL) {
    16008: 1652:                        *nbytes = it->nbytes;
        -: 1653:                    }
        -: 1654:                }
        -: 1655:                break;
        -: 1656:            case NREAD_REPLACE:
        -: 1657:            case NREAD_SET:
    19841: 1658:                do_store = true;
        -: 1659:                break;
        -: 1660:        }
        -: 1661:
    36518: 1662:        if (do_store) {
    35858: 1663:            STORAGE_delete(t->storage, old_it);
    35858: 1664:            item_replace(old_it, it, hv, cas_in);
    35858: 1665:            stored = STORED;
        -: 1666:        }
        -: 1667:
    36518: 1668:        do_item_remove(old_it);         /* release our reference */
    36518: 1669:        if (new_it != NULL) {
        -: 1670:            // append/prepend end up with an extra reference for new_it.
    16016: 1671:            do_item_remove(new_it);
        -: 1672:        }
        -: 1673:    } else {
        -: 1674:        /* No pre-existing item to replace or compare to. */
   323524: 1675:        if (ITEM_get_cas(it) != 0) {
        -: 1676:            /* Asked for a CAS match but nothing to compare it to. */
        -: 1677:            cas_res = CAS_MISS;
        -: 1678:        }
        -: 1679:
   323524: 1680:        switch (comm) {
        -: 1681:            case NREAD_ADD:
        -: 1682:            case NREAD_SET:
        -: 1683:            case NREAD_APPENDVIV:
        -: 1684:            case NREAD_PREPENDVIV:
   323417: 1685:                do_store = true;
   323417: 1686:                break;
[...]
        -: 5822:        }
      122: 5823:        if (setgroups(0, NULL) < 0) {
        -: 5824:            /* setgroups may fail with EPERM, indicating we are already in a
        -: 5825:             * minimally-privileged state. In that case we continue. For all
        -: 5826:             * other failure codes we exit.
        -: 5827:             *
        -: 5828:             * Note that errno is stored here because fprintf may change it.
        -: 5829:             */
    #####: 5830:            bool should_exit = errno != EPERM;
    #####: 5831:            fprintf(stderr, "failed to drop supplementary groups: %s\n",
        -: 5832:                    strerror(errno));
    #####: 5833:            if (should_exit) {
    #####: 5834:                exit(EX_OSERR);
        -: 5835:            }
        -: 5836:        }
      122: 5837:        if (setgid(pw->pw_gid) < 0 || setuid(pw->pw_uid) < 0) {
    #####: 5838:            fprintf(stderr, "failed to assume identity of user %s\n", username);
    #####: 5839:            exit(EX_OSERR);
        -: 5840:        }
        -: 5841:    }
        -: 5842:
        -: 5843:    /* Initialize Sasl if -S was specified */
      122: 5844:    if (settings.sasl) {
      122: 5845:        init_sasl();
        -: 5846:    }
        -: 5847:
        -: 5848:    /* daemonize if requested */
        -: 5849:    /* if we want to ensure our ability to dump core, don't chdir to / */
      122: 5850:    if (do_daemonize) {
    #####: 5851:        if (daemonize(maxcore, settings.verbose) == -1) {
    #####: 5852:            fprintf(stderr, "failed to daemon() in order to daemonize\n");
    #####: 5853:            exit(EXIT_FAILURE);
        -: 5854:        }
        -: 5855:    }
        -: 5856:
        -: 5857:    /* lock paged memory if needed */
      123: 5858:    if (lock_memory) {
        -: 5859:#ifdef HAVE_MLOCKALL
    #####: 5860:        int res = mlockall(MCL_CURRENT | MCL_FUTURE);
    #####: 5861:        if (res != 0) {
    #####: 5862:            fprintf(stderr, "warning: -k invalid, mlockall() failed: %s\n",
    #####: 5863:                    strerror(errno));
        -: 5864:        }
        -: 5865:#else
        -: 5866:        fprintf(stderr, "warning: -k invalid, mlockall() not supported on this platform.  proceeding without.\n");
        -: 5867:#endif
        -: 5868:    }
        -: 5869:
        -: 5870:    /* initialize main thread libevent instance */
        -: 5871:#if defined(LIBEVENT_VERSION_NUMBER) && LIBEVENT_VERSION_NUMBER >= 0x02000101
        -: 5872:    /* If libevent version is larger/equal to 2.0.2-alpha, use newer version */
      123: 5873:    struct event_config *ev_config;
      123: 5874:    ev_config = event_config_new();
      123: 5875:    event_config_set_flag(ev_config, EVENT_BASE_FLAG_NOLOCK);
      123: 5876:    main_base = event_base_new_with_config(ev_config);
      123: 5877:    event_config_free(ev_config);
        -: 5878:#else
        -: 5879:    /* Otherwise, use older API */
        -: 5880:    main_base = event_init();
        -: 5881:#endif
        -: 5882:
        -: 5883:    /* Load initial auth file if required */
      123: 5884:    if (settings.auth_file) {
        2: 5885:        if (settings.udpport) {
    #####: 5886:            fprintf(stderr, "Cannot use UDP with ascii authentication enabled (-U 0 to disable)\n");
    #####: 5887:            exit(EX_USAGE);
        -: 5888:        }
        -: 5889:
        2: 5890:        switch (authfile_load(settings.auth_file)) {
    #####: 5891:            case AUTHFILE_STATFAIL:
    #####: 5892:                vperror("Could not stat authfile [%s], error %s", settings.auth_file
    #####: 5893:                                                            , strerror(errno));
    #####: 5894:                exit(EXIT_FAILURE);
    #####: 5895:                break;
    #####: 5896:            case AUTHFILE_OPENFAIL:
    #####: 5897:                vperror("Could not open authfile [%s] for reading, error %s", settings.auth_file
    #####: 5898:                                                                           , strerror(errno));
    #####: 5899:                exit(EXIT_FAILURE);
    #####: 5900:                break;
    #####: 5901:            case AUTHFILE_OOM:
    #####: 5902:                fprintf(stderr, "Out of memory reading password file: %s", settings.auth_file);
    #####: 5903:                exit(EXIT_FAILURE);
    #####: 5904:                break;
    #####: 5905:            case AUTHFILE_MALFORMED:
    #####: 5906:                fprintf(stderr, "Authfile [%s] has a malformed entry. Should be 'user:password'", settings.auth_file);
    #####: 5907:                exit(EXIT_FAILURE);
        -: 5908:                break;
        -: 5909:            case AUTHFILE_OK:
        -: 5910:                break;
        -: 5911:        }
        -: 5912:    }
        -: 5913:
        -: 5914:    /* initialize other stuff */
      123: 5915:    stats_init();
      123: 5916:    logger_init();
      123: 5917:    logger_create(); // main process logger
      123: 5918:    conn_init();
      123: 5919:    bool reuse_mem = false;
      123: 5920:    void *mem_base = NULL;
      123: 5921:    bool prefill = false;
      123: 5922:    if (settings.memory_file != NULL) {
        2: 5923:        preallocate = true;
        -: 5924:        // Easier to manage memory if we prefill the global pool when reusing.
        2: 5925:        prefill = true;
        2: 5926:        restart_register("main", _mc_meta_load_cb, _mc_meta_save_cb, meta);
        4: 5927:        reuse_mem = restart_mmap_open(settings.maxbytes,
        2: 5928:                        settings.memory_file,
        -: 5929:                        &mem_base);
        -: 5930:        // The "save" callback gets called when we're closing out the mmap,
        -: 5931:        // but we don't know what the mmap_base is until after we call open.
        -: 5932:        // So we pass the struct above but have to fill it in here so the
        -: 5933:        // data's available during the save routine.
        2: 5934:        meta->mmap_base = mem_base;
        -: 5935:        // Also, the callbacks for load() run before _open returns, so we
        -: 5936:        // should have the old base in 'meta' as of here.
        -: 5937:    }
        -: 5938:    // Initialize the hash table _after_ checking restart metadata.
        -: 5939:    // We override the hash table start argument with what was live
        -: 5940:    // previously, to avoid filling a huge set of items into a tiny hash
        -: 5941:    // table.
      123: 5942:    assoc_init(settings.hashpower_init);
        -: 5943:#ifdef EXTSTORE
      123: 5944:    if (storage_enabled && reuse_mem) {
    #####: 5945:        fprintf(stderr, "[restart] memory restart with extstore not presently supported.\n");
    #####: 5946:        reuse_mem = false;
        -: 5947:    }
        -: 5948:#endif
      246: 5949:    slabs_init(settings.maxbytes, settings.factor, preallocate,
        -: 5950:            use_slab_sizes ? slab_sizes : NULL, mem_base, reuse_mem);
        -: 5951:#ifdef EXTSTORE
      123: 5952:    if (storage_enabled) {
       13: 5953:        storage = storage_init(storage_cf);
       13: 5954:        if (storage == NULL) {
        1: 5955:            exit(EXIT_FAILURE);
        -: 5956:        }
       12: 5957:        ext_storage = storage;
        -: 5958:        /* page mover algorithm for extstore needs memory prefilled */
       12: 5959:        prefill = true;
        -: 5960:    }
        -: 5961:#endif
        -: 5962:
      122: 5963:    if (settings.drop_privileges) {
      122: 5964:        setup_privilege_violations_handler();
        -: 5965:    }
        -: 5966:
      122: 5967:    if (prefill)
       14: 5968:        slabs_prefill_global();
        -: 5969:    /* In restartable mode and we've decided to issue a fixup on memory */
      122: 5970:    if (settings.memory_file != NULL && reuse_mem) {
        1: 5971:        mc_ptr_t old_base = meta->old_base;
        1: 5972:        assert(old_base == meta->old_base);
        -: 5973:
        -: 5974:        // should've pulled in process_started from meta file.
        1: 5975:        process_started = meta->process_started;
        -: 5976:        // TODO: must be a more canonical way of serializing/deserializing
        -: 5977:        // pointers? passing through uint64_t should work, and we're not
        -: 5978:        // annotating the pointer with anything, but it's still slightly
        -: 5979:        // insane.
        1: 5980:        restart_fixup((void *)old_base);
        -: 5981:    }
        -: 5982:    /*
        -: 5983:     * ignore SIGPIPE signals; we can use errno == EPIPE if we
        -: 5984:     * need that information
        -: 5985:     */
      122: 5986:    if (signal(SIGPIPE, SIG_IGN) == SIG_ERR) {
    #####: 5987:        perror("failed to ignore SIGPIPE; sigaction");
    #####: 5988:        exit(EX_OSERR);
        -: 5989:    }
        -: 5990:    /* start up worker threads if MT mode */
        -: 5991:#ifdef PROXY
        -: 5992:    if (settings.proxy_enabled) {
        -: 5993:        settings.proxy_ctx = proxy_init(settings.proxy_uring, settings.proxy_memprofile);
        -: 5994:    }
        -: 5995:#endif
        -: 5996:#ifdef EXTSTORE
      122: 5997:    memcached_thread_init(settings.num_threads, storage);
      122: 5998:    init_lru_crawler(storage);
        -: 5999:#else
        -: 6000:    memcached_thread_init(settings.num_threads, NULL);
        -: 6001:    init_lru_crawler(NULL);
        -: 6002:#endif
        -: 6003:
        -: 6004:#ifdef PROXY
        -: 6005:    if (settings.proxy_enabled) {
        -: 6006:        if (proxy_first_confload(settings.proxy_ctx) != 0) {
        -: 6007:            exit(EXIT_FAILURE);
        -: 6008:        }
        -: 6009:    }
        -: 6010:#endif
        -: 6011:
      122: 6012:    if (start_assoc_maint && start_assoc_maintenance_thread() == -1) {
    #####: 6013:        exit(EXIT_FAILURE);
        -: 6014:    }
      122: 6015:    if (start_lru_crawler && start_item_crawler_thread() != 0) {
    #####: 6016:        fprintf(stderr, "Failed to enable LRU crawler thread\n");
    #####: 6017:        exit(EXIT_FAILURE);
        -: 6018:    }
        -: 6019:#ifdef EXTSTORE
      122: 6020:    if (storage && start_storage_compact_thread(storage) != 0) {
    #####: 6021:        fprintf(stderr, "Failed to start storage compaction thread\n");
    #####: 6022:        exit(EXIT_FAILURE);
        -: 6023:    }
       12: 6024:    if (storage && start_storage_write_thread(storage) != 0) {
    #####: 6025:        fprintf(stderr, "Failed to start storage writer thread\n");
    #####: 6026:        exit(EXIT_FAILURE);
        -: 6027:    }
        -: 6028:
      122: 6029:    if (start_lru_maintainer && start_lru_maintainer_thread(storage) != 0) {
        -: 6030:#else
        -: 6031:    if (start_lru_maintainer && start_lru_maintainer_thread(NULL) != 0) {
        -: 6032:#endif
    #####: 6033:        fprintf(stderr, "Failed to enable LRU maintainer thread\n");
    #####: 6034:        free(meta);
    #####: 6035:        return 1;
        -: 6036:    }
        -: 6037:
      122: 6038:    if (settings.slab_reassign) {
      115: 6039:        settings.slab_rebal = start_slab_maintenance_thread(storage);
      115: 6040:        if (!settings.slab_rebal) {
    #####: 6041:            exit(EXIT_FAILURE);
        -: 6042:        }
        -: 6043:    }
        -: 6044:
      122: 6045:    if (settings.idle_timeout && start_conn_timeout_thread() == -1) {
    #####: 6046:        exit(EXIT_FAILURE);
        -: 6047:    }
        -: 6048:
        -: 6049:    /* initialise clock event */
        -: 6050:#if defined(HAVE_CLOCK_GETTIME) && defined(CLOCK_MONOTONIC)
        -: 6051:    {
      122: 6052:        struct timespec ts;
      122: 6053:        if (clock_gettime(CLOCK_MONOTONIC, &ts) == 0) {
      122: 6054:            monotonic = true;
      122: 6055:            monotonic_start = ts.tv_sec;
        -: 6056:            // Monotonic clock needs special handling for restarts.
        -: 6057:            // We get a start time at an arbitrary place, so we need to
        -: 6058:            // restore the original time delta, which is always "now" - _start
      122: 6059:            if (reuse_mem) {
        -: 6060:                // the running timespan at stop time + the time we think we
        -: 6061:                // were stopped.
        1: 6062:                monotonic_start -= meta->current_time + meta->time_delta;
        -: 6063:            } else {
      121: 6064:                monotonic_start -= ITEM_UPDATE_INTERVAL + 2;
        -: 6065:            }
        -: 6066:        }
        -: 6067:    }
        -: 6068:#endif
      122: 6069:    clock_handler(0, 0, 0);
        -: 6070:
        -: 6071:    /* create unix mode sockets after dropping privileges */
      122: 6072:    if (settings.socketpath != NULL) {
      101: 6073:        errno = 0;
      101: 6074:        if (server_socket_unix(settings.socketpath,settings.access)) {
    #####: 6075:            vperror("failed to listen on UNIX socket: %s", settings.socketpath);
    #####: 6076:            exit(EX_OSERR);
        -: 6077:        }
        -: 6078:    }
        -: 6079:
        -: 6080:    /* create the listening socket, bind it, and init */
      122: 6081:    if (settings.socketpath == NULL) {
       21: 6082:        const char *portnumber_filename = getenv("MEMCACHED_PORT_FILENAME");
       21: 6083:        char *temp_portnumber_filename = NULL;
       21: 6084:        size_t len;
       21: 6085:        FILE *portnumber_file = NULL;
        -: 6086:
       21: 6087:        if (portnumber_filename != NULL) {
       14: 6088:            len = strlen(portnumber_filename)+4+1;
       14: 6089:            temp_portnumber_filename = malloc(len);
       14: 6090:            if (temp_portnumber_filename == NULL) {
    #####: 6091:                vperror("Failed to allocate memory for portnumber file");
    #####: 6092:                exit(EX_OSERR);
        -: 6093:            }
       14: 6094:            snprintf(temp_portnumber_filename,
        -: 6095:                     len,
        -: 6096:                     "%s.lck", portnumber_filename);
        -: 6097:
       14: 6098:            portnumber_file = fopen(temp_portnumber_filename, "a");
       14: 6099:            if (portnumber_file == NULL) {
    #####: 6100:                fprintf(stderr, "Failed to open \"%s\": %s\n",
    #####: 6101:                        temp_portnumber_filename, strerror(errno));
        -: 6102:            }
        -: 6103:        }
        -: 6104:
       21: 6105:        errno = 0;
       21: 6106:        if (settings.port && server_sockets(settings.port, tcp_transport,
        -: 6107:                                           portnumber_file)) {
        1: 6108:            if (settings.inter == NULL) {
    #####: 6109:                vperror("failed to listen on TCP port %d", settings.port);
        -: 6110:            } else {
        1: 6111:                vperror("failed to listen on one of interface(s) %s", settings.inter);
        -: 6112:            }
        1: 6113:            free(temp_portnumber_filename);
        1: 6114:            exit(EX_OSERR);
        -: 6115:        }
        -: 6116:
        -: 6117:        /*
        -: 6118:         * initialization order: first create the listening sockets
        -: 6119:         * (may need root on low ports), then drop root if needed,
        -: 6120:         * then daemonize if needed, then init libevent (in some cases
        -: 6121:         * descriptors created by libevent wouldn't survive forking).
        -: 6122:         */
        -: 6123:
        -: 6124:        /* create the UDP listening socket and bind it */
       20: 6125:        errno = 0;
       20: 6126:        if (settings.udpport && server_sockets(settings.udpport, udp_transport,
        -: 6127:                                              portnumber_file)) {
    #####: 6128:            if (settings.inter == NULL) {
    #####: 6129:                vperror("failed to listen on UDP port %d", settings.udpport);
        -: 6130:            } else {
    #####: 6131:                vperror("failed to listen on one of interface(s) %s", settings.inter);
        -: 6132:            }
    #####: 6133:            free(temp_portnumber_filename);
    #####: 6134:            exit(EX_OSERR);
        -: 6135:        }
        -: 6136:
       20: 6137:        if (portnumber_file) {
       14: 6138:            fclose(portnumber_file);
       14: 6139:            rename(temp_portnumber_filename, portnumber_filename);
        -: 6140:        }
       20: 6141:        if (temp_portnumber_filename)
       14: 6142:            free(temp_portnumber_filename);
        -: 6143:    }
        -: 6144:
        -: 6145:    /* Give the sockets a moment to open. I know this is dumb, but the error
        -: 6146:     * is only an advisory.
        -: 6147:     */
      121: 6148:    usleep(1000);
      121: 6149:    if (stats_state.curr_conns + stats_state.reserved_fds >= settings.maxconns - 1) {
    #####: 6150:        fprintf(stderr, "Maxconns setting is too low, use -c to increase.\n");
    #####: 6151:        exit(EXIT_FAILURE);
        -: 6152:    }
        -: 6153:
      121: 6154:    if (pid_file != NULL) {
        1: 6155:        save_pid(pid_file);
        -: 6156:    }
        -: 6157:
        -: 6158:    /* Drop privileges no longer needed */
      121: 6159:    if (settings.drop_privileges) {
      121: 6160:        drop_privileges();
        -: 6161:    }
        -: 6162:
        -: 6163:    /* Initialize the uriencode lookup table. */
      121: 6164:    uriencode_init();
        -: 6165:
        -: 6166:    /* enter the event loop */
     2692: 6167:    while (!stop_main_loop) {
     2571: 6168:        if (event_base_loop(main_base, EVLOOP_ONCE) != 0) {
        -: 6169:            retval = EXIT_FAILURE;
        -: 6170:            break;
        -: 6171:        }
        -: 6172:    }
        -: 6173:
      121: 6174:    switch (stop_main_loop) {
        2: 6175:        case GRACE_STOP:
        2: 6176:            fprintf(stderr, "Gracefully stopping\n");
        2: 6177:        break;
      119: 6178:        case EXIT_NORMALLY:
        -: 6179:            // Don't need to print anything to STDERR for a normal shutdown except
        -: 6180:            // if we want to.
        -: 6181:
      119: 6182:            if (settings.verbose) {
        3: 6183:                fprintf(stderr, "Exiting normally\n");
        -: 6184:            }
        -: 6185:
        -: 6186:        break;
    #####: 6187:        default:
    #####: 6188:            fprintf(stderr, "Exiting on error\n");
    #####: 6189:        break;
        -: 6190:    }
        -: 6191:
      121: 6192:    if (stop_main_loop == GRACE_STOP) {
        2: 6193:        stop_threads();
        2: 6194:        if (settings.memory_file != NULL) {
        1: 6195:            restart_mmap_close();
        -: 6196:        }
        -: 6197:    }
        -: 6198:
        -: 6199:    /* remove the PID file if we're a daemon */
      121: 6200:    if (do_daemonize)
        1: 6201:        remove_pidfile(pid_file);
        -: 6202:    /* Clean up strdup() call for bind() address */
      121: 6203:    if (settings.inter)
        6: 6204:      free(settings.inter);
        -: 6205:
        -: 6206:    /* cleanup base */
      121: 6207:    event_base_free(main_base);
        -: 6208:
      121: 6209:    free(meta);
        -: 6210:
      121: 6211:    return retval;
        -: 6212:
        2: 6213:error:
        2: 6214:    if (subopts_orig)
        2: 6215:        free(subopts_orig);
        -: 6216:    return 1;
        -: 6217:}
